0 verbose cli /usr/local/bin/node /usr/local/bin/npm
1 info using npm@8.19.0
2 info using node@v17.4.0
3 timing npm:load:whichnode Completed in 0ms
4 timing config:load:defaults Completed in 9ms
5 timing config:load:file:/usr/local/lib/node_modules/npm/npmrc Completed in 36ms
6 timing config:load:builtin Completed in 38ms
7 timing config:load:cli Completed in 6ms
8 timing config:load:env Completed in 1ms
9 timing config:load:file:/home/tim/Документы/Union-chat/.npmrc Completed in 3ms
10 timing config:load:project Completed in 17ms
11 timing config:load:file:/home/tim/.npmrc Completed in 2ms
12 timing config:load:user Completed in 2ms
13 timing config:load:file:/usr/local/etc/npmrc Completed in 2ms
14 timing config:load:global Completed in 2ms
15 timing config:load:validate Completed in 1ms
16 timing config:load:credentials Completed in 7ms
17 timing config:load:setEnvs Completed in 2ms
18 timing config:load Completed in 89ms
19 timing npm:load:configload Completed in 89ms
20 timing npm:load:mkdirpcache Completed in 4ms
21 timing npm:load:mkdirplogs Completed in 2ms
22 verbose title npm view @hexlet/chat-server description dist-tags.latest homepage version
23 verbose argv "view" "--json" "@hexlet/chat-server" "description" "dist-tags.latest" "homepage" "version"
24 timing npm:load:setTitle Completed in 3ms
25 timing config:load:flatten Completed in 7ms
26 timing npm:load:display Completed in 11ms
27 verbose logfile logs-max:10 dir:/home/tim/Документы/Union-chat/npm-cache/_logs
28 verbose logfile /home/tim/Документы/Union-chat/npm-cache/_logs/2022-10-31T12_03_23_622Z-debug-0.log
29 timing npm:load:logFile Completed in 11ms
30 timing npm:load:timers Completed in 0ms
31 timing npm:load:configScope Completed in 0ms
32 timing npm:load Completed in 127ms
33 silly logfile done cleaning log files
34 http fetch GET 200 https://registry.npmjs.org/@hexlet%2fchat-server 611ms (cache revalidated)
35 timing command:view Completed in 624ms
36 verbose exit 0
37 timing npm Completed in 774ms
38 info ok
