0 verbose cli /usr/local/bin/node /usr/local/bin/npm
1 info using npm@8.19.0
2 info using node@v17.4.0
3 timing npm:load:whichnode Completed in 0ms
4 timing config:load:defaults Completed in 4ms
5 timing config:load:file:/usr/local/lib/node_modules/npm/npmrc Completed in 2ms
6 timing config:load:builtin Completed in 2ms
7 timing config:load:cli Completed in 3ms
8 timing config:load:env Completed in 0ms
9 timing config:load:file:/home/tim/Документы/Union-chat/.npmrc Completed in 1ms
10 timing config:load:project Completed in 18ms
11 timing config:load:file:/home/tim/.npmrc Completed in 1ms
12 timing config:load:user Completed in 1ms
13 timing config:load:file:/usr/local/etc/npmrc Completed in 1ms
14 timing config:load:global Completed in 1ms
15 timing config:load:validate Completed in 1ms
16 timing config:load:credentials Completed in 2ms
17 timing config:load:setEnvs Completed in 5ms
18 timing config:load Completed in 38ms
19 timing npm:load:configload Completed in 38ms
20 timing npm:load:mkdirpcache Completed in 2ms
21 timing npm:load:mkdirplogs Completed in 1ms
22 verbose title npm install
23 verbose argv "install"
24 timing npm:load:setTitle Completed in 2ms
25 timing config:load:flatten Completed in 5ms
26 timing npm:load:display Completed in 7ms
27 verbose logfile logs-max:10 dir:/home/tim/Документы/Union-chat/npm-cache/_logs
28 verbose logfile /home/tim/Документы/Union-chat/npm-cache/_logs/2022-10-31T11_47_37_607Z-debug-0.log
29 timing npm:load:logFile Completed in 10ms
30 timing npm:load:timers Completed in 0ms
31 timing npm:load:configScope Completed in 0ms
32 timing npm:load Completed in 63ms
33 timing arborist:ctor Completed in 1ms
34 silly logfile done cleaning log files
35 timing idealTree:init Completed in 240ms
36 timing idealTree:userRequests Completed in 0ms
37 silly idealTree buildDeps
38 timing idealTree:#root Completed in 1ms
39 timing idealTree:buildDeps Completed in 3ms
40 timing idealTree:fixDepFlags Completed in 0ms
41 warn EBADENGINE Unsupported engine {
41 warn EBADENGINE   package: '@hexlet/code@1.0.0',
41 warn EBADENGINE   required: { node: '16.x' },
41 warn EBADENGINE   current: { node: 'v17.4.0', npm: '8.19.0' }
41 warn EBADENGINE }
42 timing idealTree Completed in 255ms
43 timing reify:loadTrees Completed in 265ms
44 timing reify:diffTrees Completed in 7ms
45 silly reify moves {}
46 timing reify:retireShallow Completed in 1ms
47 timing reify:createSparse Completed in 109ms
48 timing reify:loadBundles Completed in 0ms
49 silly audit bulk request {
49 silly audit   '@fastify/ajv-compiler': [ '1.1.0' ],
49 silly audit   '@fastify/error': [ '2.0.0' ],
49 silly audit   '@hexlet/chat-server': [ '1.1.3' ],
49 silly audit   '@lukeed/ms': [ '2.0.0' ],
49 silly audit   '@types/component-emitter': [ '1.2.11' ],
49 silly audit   '@types/cookie': [ '0.4.1' ],
49 silly audit   '@types/cors': [ '2.8.12' ],
49 silly audit   '@types/node': [ '18.0.0' ],
49 silly audit   'abstract-logging': [ '2.0.1' ],
49 silly audit   accepts: [ '1.3.8' ],
49 silly audit   ajv: [ '6.12.6', '8.11.0' ],
49 silly audit   'ansi-styles': [ '4.3.0' ],
49 silly audit   anymatch: [ '3.1.2' ],
49 silly audit   archy: [ '1.0.0' ],
49 silly audit   'asn1.js': [ '5.4.1' ],
49 silly audit   'atomic-sleep': [ '1.0.0' ],
49 silly audit   avvio: [ '7.2.5' ],
49 silly audit   'balanced-match': [ '1.0.2' ],
49 silly audit   base64id: [ '2.0.0' ],
49 silly audit   'binary-extensions': [ '2.2.0' ],
49 silly audit   'bn.js': [ '4.12.0' ],
49 silly audit   'brace-expansion': [ '1.1.11' ],
49 silly audit   braces: [ '3.0.2' ],
49 silly audit   chalk: [ '4.1.2', '3.0.0' ],
49 silly audit   chokidar: [ '3.5.3' ],
49 silly audit   'close-with-grace': [ '1.1.0' ],
49 silly audit   'color-convert': [ '2.0.1' ],
49 silly audit   'color-name': [ '1.1.4' ],
49 silly audit   commander: [ '9.3.0' ],
49 silly audit   commist: [ '2.0.0' ],
49 silly audit   'component-emitter': [ '1.3.0' ],
49 silly audit   'concat-map': [ '0.0.1' ],
49 silly audit   'content-disposition': [ '0.5.4' ],
49 silly audit   cookie: [ '0.5.0', '0.4.2' ],
49 silly audit   cors: [ '2.8.5' ],
49 silly audit   debug: [ '4.3.4', '2.6.9' ],
49 silly audit   deepmerge: [ '4.2.2' ],
49 silly audit   depd: [ '2.0.0', '1.1.2' ],
49 silly audit   destroy: [ '1.0.4' ],
49 silly audit   dotenv: [ '16.0.1' ],
49 silly audit   'ecdsa-sig-formatter': [ '1.0.11' ],
49 silly audit   'ee-first': [ '1.1.1' ],
49 silly audit   encodeurl: [ '1.0.2' ],
49 silly audit   'encoding-negotiator': [ '2.0.1' ],
49 silly audit   'end-of-stream': [ '1.4.4' ],
49 silly audit   'engine.io': [ '6.2.0' ],
49 silly audit   'engine.io-parser': [ '5.0.4' ],
49 silly audit   'escape-html': [ '1.0.3' ],
49 silly audit   etag: [ '1.8.1' ],
49 silly audit   'fast-decode-uri-component': [ '1.0.1' ],
49 silly audit   'fast-deep-equal': [ '3.1.3' ],
49 silly audit   'fast-json-parse': [ '1.0.3' ],
49 silly audit   'fast-json-stable-stringify': [ '2.1.0' ],
49 silly audit   'fast-json-stringify': [ '2.7.13' ],
49 silly audit   'fast-jwt': [ '1.6.0' ],
49 silly audit   'fast-redact': [ '3.1.1' ],
49 silly audit   'fast-safe-stringify': [ '2.1.1' ],
49 silly audit   fastfall: [ '1.5.1' ],
49 silly audit   fastify: [ '3.29.0' ],
49 silly audit   'fastify-cli': [ '3.1.0' ],
49 silly audit   'fastify-jwt': [ '4.2.0', '4.1.3' ],
49 silly audit   'fastify-plugin': [ '3.0.1' ],
49 silly audit   'fastify-socket.io': [ '3.0.0' ],
49 silly audit   'fastify-static': [ '4.7.0', '4.6.1' ],
49 silly audit   'p-limit': [ '3.1.0', '2.3.0' ],
49 silly audit   fastparallel: [ '2.4.1' ],
49 silly audit   fastq: [ '1.13.0' ],
49 silly audit   fastseries: [ '1.7.2' ],
49 silly audit   'fill-range': [ '7.0.1' ],
49 silly audit   'find-my-way': [ '4.5.1' ],
49 silly audit   'find-up': [ '3.0.0' ],
49 silly audit   flatstr: [ '1.0.12' ],
49 silly audit   forwarded: [ '0.2.0' ],
49 silly audit   fresh: [ '0.5.2' ],
49 silly audit   'fs.realpath': [ '1.0.0' ],
49 silly audit   fsevents: [ '2.3.2' ],
49 silly audit   generify: [ '4.2.0' ],
49 silly audit   split2: [ '3.2.2', '4.1.0' ],
49 silly audit   glob: [ '7.2.3' ],
49 silly audit   'glob-parent': [ '5.1.2' ],
49 silly audit   'has-flag': [ '4.0.0' ],
49 silly audit   'help-me': [ '3.0.0' ],
49 silly audit   'http-errors': [ '2.0.0', '1.8.1' ],
49 silly audit   inflight: [ '1.0.6' ],
49 silly audit   inherits: [ '2.0.4' ],
49 silly audit   'ipaddr.js': [ '1.9.1' ],
49 silly audit   'is-binary-path': [ '2.1.0' ],
49 silly audit   'is-docker': [ '2.2.1' ],
49 silly audit   'is-extglob': [ '2.1.1' ],
49 silly audit   'is-glob': [ '4.0.3' ],
49 silly audit   'is-number': [ '7.0.0' ],
49 silly audit   isbinaryfile: [ '4.0.10' ],
49 silly audit   'json-schema-traverse': [ '0.4.1', '1.0.0' ],
49 silly audit   leven: [ '3.1.0' ],
49 silly audit   'light-my-request': [ '4.10.1' ],
49 silly audit   'locate-path': [ '3.0.0' ],
49 silly audit   lodash: [ '4.17.21' ],
49 silly audit   'lru-cache': [ '6.0.0' ],
49 silly audit   'make-promises-safe': [ '5.1.0' ],
49 silly audit   makeerror: [ '1.0.12' ],
49 silly audit   mime: [ '1.6.0' ],
49 silly audit   'mime-db': [ '1.52.0' ],
49 silly audit   'mime-types': [ '2.1.35' ],
49 silly audit   'minimalistic-assert': [ '1.0.1' ],
49 silly audit   minimatch: [ '3.1.2' ],
49 silly audit   minimist: [ '1.2.6' ],
49 silly audit   mnemonist: [ '0.39.2' ],
49 silly audit   ms: [ '2.1.2', '2.0.0', '2.1.3' ],
49 silly audit   negotiator: [ '0.6.3' ],
49 silly audit   'normalize-path': [ '3.0.0' ],
49 silly audit   'object-assign': [ '4.1.1' ],
49 silly audit   obliterator: [ '2.0.4' ],
49 silly audit   'on-finished': [ '2.3.0' ],
49 silly audit   once: [ '1.4.0' ],
49 silly audit   'p-locate': [ '3.0.0' ],
49 silly audit   'p-try': [ '2.2.0' ],
49 silly audit   'parse-ms': [ '2.1.0' ],
49 silly audit   'path-exists': [ '3.0.0' ],
49 silly audit   'path-is-absolute': [ '1.0.1' ],
49 silly audit   picomatch: [ '2.3.1' ],
49 silly audit   pino: [ '6.14.0' ],
49 silly audit   'pino-colada': [ '2.2.2' ],
49 silly audit   'pino-std-serializers': [ '3.2.0' ],
49 silly audit   'pkg-up': [ '3.1.0' ],
49 silly audit   'prettier-bytes': [ '1.0.4' ],
49 silly audit   'pretty-ms': [ '5.1.0' ],
49 silly audit   'process-warning': [ '1.0.0' ],
49 silly audit   'proxy-addr': [ '2.0.7' ],
49 silly audit   pump: [ '3.0.0' ],
49 silly audit   punycode: [ '2.1.1' ],
49 silly audit   'queue-microtask': [ '1.2.3' ],
49 silly audit   'quick-format-unescaped': [ '4.0.4' ],
49 silly audit   'range-parser': [ '1.2.1' ],
49 silly audit   'readable-stream': [ '3.6.0' ],
49 silly audit   readdirp: [ '3.6.0' ],
49 silly audit   'require-from-string': [ '2.0.2' ],
49 silly audit   'resolve-from': [ '5.0.0' ],
49 silly audit   ret: [ '0.2.2' ],
49 silly audit   reusify: [ '1.0.4' ],
49 silly audit   rfdc: [ '1.3.0' ],
49 silly audit   'safe-buffer': [ '5.2.1' ],
49 silly audit   'safe-regex2': [ '2.0.0' ],
49 silly audit   'safer-buffer': [ '2.1.2' ],
49 silly audit   'secure-json-parse': [ '2.4.0' ],
49 silly audit   semver: [ '7.3.7' ],
49 silly audit   'semver-store': [ '0.3.0' ],
49 silly audit   send: [ '0.17.2' ],
49 silly audit   statuses: [ '1.5.0', '2.0.1' ],
49 silly audit   'set-cookie-parser': [ '2.5.0' ],
49 silly audit   setprototypeof: [ '1.2.0' ],
49 silly audit   'socket.io': [ '4.5.1' ],
49 silly audit   'socket.io-adapter': [ '2.4.0' ],
49 silly audit   'socket.io-parser': [ '4.0.4' ],
49 silly audit   'sonic-boom': [ '1.4.1' ],
49 silly audit   steed: [ '1.1.3' ],
49 silly audit   string_decoder: [ '1.3.0' ],
49 silly audit   'string-similarity': [ '4.0.4' ],
49 silly audit   'supports-color': [ '7.2.0' ],
49 silly audit   'tiny-lru': [ '8.0.2' ],
49 silly audit   tmpl: [ '1.0.5' ],
49 silly audit   'to-regex-range': [ '5.0.1' ],
49 silly audit   toidentifier: [ '1.0.1' ],
49 silly audit   'uri-js': [ '4.4.1' ],
49 silly audit   'util-deprecate': [ '1.0.2' ],
49 silly audit   vary: [ '1.1.2' ],
49 silly audit   walker: [ '1.0.8' ],
49 silly audit   wrappy: [ '1.0.2' ],
49 silly audit   ws: [ '8.2.3' ],
49 silly audit   xtend: [ '4.0.2' ],
49 silly audit   yallist: [ '4.0.0' ],
49 silly audit   'yargs-parser': [ '20.2.9' ],
49 silly audit   'yocto-queue': [ '0.1.0' ]
49 silly audit }
50 verbose reify failed optional dependency /home/tim/Документы/Union-chat/node_modules/fsevents
51 silly reify mark deleted [ '/home/tim/Документы/Union-chat/node_modules/fsevents' ]
52 timing reifyNode:node_modules/fsevents Completed in 243ms
53 silly tarball no local data for yocto-queue@https://registry.npmjs.org/yocto-queue/-/yocto-queue-0.1.0.tgz. Extracting by manifest.
54 silly tarball no local data for yargs-parser@https://registry.npmjs.org/yargs-parser/-/yargs-parser-20.2.9.tgz. Extracting by manifest.
55 silly tarball no local data for yallist@https://registry.npmjs.org/yallist/-/yallist-4.0.0.tgz. Extracting by manifest.
56 silly tarball no local data for xtend@https://registry.npmjs.org/xtend/-/xtend-4.0.2.tgz. Extracting by manifest.
57 silly tarball no local data for ws@https://registry.npmjs.org/ws/-/ws-8.2.3.tgz. Extracting by manifest.
58 silly tarball no local data for wrappy@https://registry.npmjs.org/wrappy/-/wrappy-1.0.2.tgz. Extracting by manifest.
59 silly tarball no local data for vary@https://registry.npmjs.org/vary/-/vary-1.1.2.tgz. Extracting by manifest.
60 silly tarball no local data for walker@https://registry.npmjs.org/walker/-/walker-1.0.8.tgz. Extracting by manifest.
61 silly tarball no local data for uri-js@https://registry.npmjs.org/uri-js/-/uri-js-4.4.1.tgz. Extracting by manifest.
62 silly tarball no local data for util-deprecate@https://registry.npmjs.org/util-deprecate/-/util-deprecate-1.0.2.tgz. Extracting by manifest.
63 silly tarball no local data for toidentifier@https://registry.npmjs.org/toidentifier/-/toidentifier-1.0.1.tgz. Extracting by manifest.
64 silly tarball no local data for to-regex-range@https://registry.npmjs.org/to-regex-range/-/to-regex-range-5.0.1.tgz. Extracting by manifest.
65 silly tarball no local data for tmpl@https://registry.npmjs.org/tmpl/-/tmpl-1.0.5.tgz. Extracting by manifest.
66 silly tarball no local data for tiny-lru@https://registry.npmjs.org/tiny-lru/-/tiny-lru-8.0.2.tgz. Extracting by manifest.
67 silly tarball no local data for supports-color@https://registry.npmjs.org/supports-color/-/supports-color-7.2.0.tgz. Extracting by manifest.
68 silly tarball no local data for string-similarity@https://registry.npmjs.org/string-similarity/-/string-similarity-4.0.4.tgz. Extracting by manifest.
69 silly tarball no local data for string_decoder@https://registry.npmjs.org/string_decoder/-/string_decoder-1.3.0.tgz. Extracting by manifest.
70 silly tarball no local data for statuses@https://registry.npmjs.org/statuses/-/statuses-2.0.1.tgz. Extracting by manifest.
71 silly tarball no local data for steed@https://registry.npmjs.org/steed/-/steed-1.1.3.tgz. Extracting by manifest.
72 silly tarball no local data for split2@https://registry.npmjs.org/split2/-/split2-4.1.0.tgz. Extracting by manifest.
73 silly tarball no local data for sonic-boom@https://registry.npmjs.org/sonic-boom/-/sonic-boom-1.4.1.tgz. Extracting by manifest.
74 silly tarball no local data for socket.io-parser@https://registry.npmjs.org/socket.io-parser/-/socket.io-parser-4.0.4.tgz. Extracting by manifest.
75 silly tarball no local data for socket.io-adapter@https://registry.npmjs.org/socket.io-adapter/-/socket.io-adapter-2.4.0.tgz. Extracting by manifest.
76 silly tarball no local data for socket.io@https://registry.npmjs.org/socket.io/-/socket.io-4.5.1.tgz. Extracting by manifest.
77 silly tarball no local data for setprototypeof@https://registry.npmjs.org/setprototypeof/-/setprototypeof-1.2.0.tgz. Extracting by manifest.
78 silly tarball no local data for send@https://registry.npmjs.org/send/-/send-0.17.2.tgz. Extracting by manifest.
79 silly tarball no local data for set-cookie-parser@https://registry.npmjs.org/set-cookie-parser/-/set-cookie-parser-2.5.0.tgz. Extracting by manifest.
80 silly tarball no local data for semver-store@https://registry.npmjs.org/semver-store/-/semver-store-0.3.0.tgz. Extracting by manifest.
81 silly tarball no local data for semver@https://registry.npmjs.org/semver/-/semver-7.3.7.tgz. Extracting by manifest.
82 silly tarball no local data for secure-json-parse@https://registry.npmjs.org/secure-json-parse/-/secure-json-parse-2.4.0.tgz. Extracting by manifest.
83 silly tarball no local data for safer-buffer@https://registry.npmjs.org/safer-buffer/-/safer-buffer-2.1.2.tgz. Extracting by manifest.
84 silly tarball no local data for safe-regex2@https://registry.npmjs.org/safe-regex2/-/safe-regex2-2.0.0.tgz. Extracting by manifest.
85 silly tarball no local data for safe-buffer@https://registry.npmjs.org/safe-buffer/-/safe-buffer-5.2.1.tgz. Extracting by manifest.
86 silly tarball no local data for reusify@https://registry.npmjs.org/reusify/-/reusify-1.0.4.tgz. Extracting by manifest.
87 silly tarball no local data for ret@https://registry.npmjs.org/ret/-/ret-0.2.2.tgz. Extracting by manifest.
88 silly tarball no local data for resolve-from@https://registry.npmjs.org/resolve-from/-/resolve-from-5.0.0.tgz. Extracting by manifest.
89 silly tarball no local data for rfdc@https://registry.npmjs.org/rfdc/-/rfdc-1.3.0.tgz. Extracting by manifest.
90 silly tarball no local data for require-from-string@https://registry.npmjs.org/require-from-string/-/require-from-string-2.0.2.tgz. Extracting by manifest.
91 silly tarball no local data for readdirp@https://registry.npmjs.org/readdirp/-/readdirp-3.6.0.tgz. Extracting by manifest.
92 silly tarball no local data for readable-stream@https://registry.npmjs.org/readable-stream/-/readable-stream-3.6.0.tgz. Extracting by manifest.
93 silly tarball no local data for range-parser@https://registry.npmjs.org/range-parser/-/range-parser-1.2.1.tgz. Extracting by manifest.
94 silly tarball no local data for quick-format-unescaped@https://registry.npmjs.org/quick-format-unescaped/-/quick-format-unescaped-4.0.4.tgz. Extracting by manifest.
95 silly tarball no local data for punycode@https://registry.npmjs.org/punycode/-/punycode-2.1.1.tgz. Extracting by manifest.
96 silly tarball no local data for pump@https://registry.npmjs.org/pump/-/pump-3.0.0.tgz. Extracting by manifest.
97 silly tarball no local data for proxy-addr@https://registry.npmjs.org/proxy-addr/-/proxy-addr-2.0.7.tgz. Extracting by manifest.
98 silly tarball no local data for process-warning@https://registry.npmjs.org/process-warning/-/process-warning-1.0.0.tgz. Extracting by manifest.
99 silly tarball no local data for pretty-ms@https://registry.npmjs.org/pretty-ms/-/pretty-ms-5.1.0.tgz. Extracting by manifest.
100 silly tarball no local data for prettier-bytes@https://registry.npmjs.org/prettier-bytes/-/prettier-bytes-1.0.4.tgz. Extracting by manifest.
101 silly tarball no local data for pkg-up@https://registry.npmjs.org/pkg-up/-/pkg-up-3.1.0.tgz. Extracting by manifest.
102 silly tarball no local data for pino-std-serializers@https://registry.npmjs.org/pino-std-serializers/-/pino-std-serializers-3.2.0.tgz. Extracting by manifest.
103 silly tarball no local data for pino-colada@https://registry.npmjs.org/pino-colada/-/pino-colada-2.2.2.tgz. Extracting by manifest.
104 silly tarball no local data for queue-microtask@https://registry.npmjs.org/queue-microtask/-/queue-microtask-1.2.3.tgz. Extracting by manifest.
105 silly tarball no local data for pino@https://registry.npmjs.org/pino/-/pino-6.14.0.tgz. Extracting by manifest.
106 silly tarball no local data for picomatch@https://registry.npmjs.org/picomatch/-/picomatch-2.3.1.tgz. Extracting by manifest.
107 silly tarball no local data for path-is-absolute@https://registry.npmjs.org/path-is-absolute/-/path-is-absolute-1.0.1.tgz. Extracting by manifest.
108 silly tarball no local data for parse-ms@https://registry.npmjs.org/parse-ms/-/parse-ms-2.1.0.tgz. Extracting by manifest.
109 silly tarball no local data for path-exists@https://registry.npmjs.org/path-exists/-/path-exists-3.0.0.tgz. Extracting by manifest.
110 silly tarball no local data for p-try@https://registry.npmjs.org/p-try/-/p-try-2.2.0.tgz. Extracting by manifest.
111 silly tarball no local data for p-locate@https://registry.npmjs.org/p-locate/-/p-locate-3.0.0.tgz. Extracting by manifest.
112 silly tarball no local data for p-limit@https://registry.npmjs.org/p-limit/-/p-limit-2.3.0.tgz. Extracting by manifest.
113 silly tarball no local data for once@https://registry.npmjs.org/once/-/once-1.4.0.tgz. Extracting by manifest.
114 silly tarball no local data for on-finished@https://registry.npmjs.org/on-finished/-/on-finished-2.3.0.tgz. Extracting by manifest.
115 silly tarball no local data for obliterator@https://registry.npmjs.org/obliterator/-/obliterator-2.0.4.tgz. Extracting by manifest.
116 silly tarball no local data for object-assign@https://registry.npmjs.org/object-assign/-/object-assign-4.1.1.tgz. Extracting by manifest.
117 silly tarball no local data for normalize-path@https://registry.npmjs.org/normalize-path/-/normalize-path-3.0.0.tgz. Extracting by manifest.
118 silly tarball no local data for ms@https://registry.npmjs.org/ms/-/ms-2.1.2.tgz. Extracting by manifest.
119 silly tarball no local data for mnemonist@https://registry.npmjs.org/mnemonist/-/mnemonist-0.39.2.tgz. Extracting by manifest.
120 silly tarball no local data for negotiator@https://registry.npmjs.org/negotiator/-/negotiator-0.6.3.tgz. Extracting by manifest.
121 silly tarball no local data for minimist@https://registry.npmjs.org/minimist/-/minimist-1.2.6.tgz. Extracting by manifest.
122 silly tarball no local data for minimalistic-assert@https://registry.npmjs.org/minimalistic-assert/-/minimalistic-assert-1.0.1.tgz. Extracting by manifest.
123 silly tarball no local data for minimatch@https://registry.npmjs.org/minimatch/-/minimatch-3.1.2.tgz. Extracting by manifest.
124 silly tarball no local data for mime-types@https://registry.npmjs.org/mime-types/-/mime-types-2.1.35.tgz. Extracting by manifest.
125 silly tarball no local data for mime-db@https://registry.npmjs.org/mime-db/-/mime-db-1.52.0.tgz. Extracting by manifest.
126 silly tarball no local data for makeerror@https://registry.npmjs.org/makeerror/-/makeerror-1.0.12.tgz. Extracting by manifest.
127 silly tarball no local data for mime@https://registry.npmjs.org/mime/-/mime-1.6.0.tgz. Extracting by manifest.
128 silly tarball no local data for make-promises-safe@https://registry.npmjs.org/make-promises-safe/-/make-promises-safe-5.1.0.tgz. Extracting by manifest.
129 silly tarball no local data for lru-cache@https://registry.npmjs.org/lru-cache/-/lru-cache-6.0.0.tgz. Extracting by manifest.
130 silly tarball no local data for lodash@https://registry.npmjs.org/lodash/-/lodash-4.17.21.tgz. Extracting by manifest.
131 silly tarball no local data for locate-path@https://registry.npmjs.org/locate-path/-/locate-path-3.0.0.tgz. Extracting by manifest.
132 silly tarball no local data for leven@https://registry.npmjs.org/leven/-/leven-3.1.0.tgz. Extracting by manifest.
133 silly tarball no local data for light-my-request@https://registry.npmjs.org/light-my-request/-/light-my-request-4.10.1.tgz. Extracting by manifest.
134 silly tarball no local data for json-schema-traverse@https://registry.npmjs.org/json-schema-traverse/-/json-schema-traverse-0.4.1.tgz. Extracting by manifest.
135 silly tarball no local data for isbinaryfile@https://registry.npmjs.org/isbinaryfile/-/isbinaryfile-4.0.10.tgz. Extracting by manifest.
136 silly tarball no local data for is-glob@https://registry.npmjs.org/is-glob/-/is-glob-4.0.3.tgz. Extracting by manifest.
137 silly tarball no local data for is-number@https://registry.npmjs.org/is-number/-/is-number-7.0.0.tgz. Extracting by manifest.
138 silly tarball no local data for is-extglob@https://registry.npmjs.org/is-extglob/-/is-extglob-2.1.1.tgz. Extracting by manifest.
139 silly tarball no local data for is-docker@https://registry.npmjs.org/is-docker/-/is-docker-2.2.1.tgz. Extracting by manifest.
140 silly tarball no local data for is-binary-path@https://registry.npmjs.org/is-binary-path/-/is-binary-path-2.1.0.tgz. Extracting by manifest.
141 silly tarball no local data for ipaddr.js@https://registry.npmjs.org/ipaddr.js/-/ipaddr.js-1.9.1.tgz. Extracting by manifest.
142 silly tarball no local data for inherits@https://registry.npmjs.org/inherits/-/inherits-2.0.4.tgz. Extracting by manifest.
143 silly tarball no local data for inflight@https://registry.npmjs.org/inflight/-/inflight-1.0.6.tgz. Extracting by manifest.
144 silly tarball no local data for http-errors@https://registry.npmjs.org/http-errors/-/http-errors-2.0.0.tgz. Extracting by manifest.
145 silly tarball no local data for help-me@https://registry.npmjs.org/help-me/-/help-me-3.0.0.tgz. Extracting by manifest.
146 silly tarball no local data for has-flag@https://registry.npmjs.org/has-flag/-/has-flag-4.0.0.tgz. Extracting by manifest.
147 silly tarball no local data for glob-parent@https://registry.npmjs.org/glob-parent/-/glob-parent-5.1.2.tgz. Extracting by manifest.
148 silly tarball no local data for glob@https://registry.npmjs.org/glob/-/glob-7.2.3.tgz. Extracting by manifest.
149 silly tarball no local data for generify@https://registry.npmjs.org/generify/-/generify-4.2.0.tgz. Extracting by manifest.
150 silly tarball no local data for fresh@https://registry.npmjs.org/fresh/-/fresh-0.5.2.tgz. Extracting by manifest.
151 silly tarball no local data for forwarded@https://registry.npmjs.org/forwarded/-/forwarded-0.2.0.tgz. Extracting by manifest.
152 silly tarball no local data for find-up@https://registry.npmjs.org/find-up/-/find-up-3.0.0.tgz. Extracting by manifest.
153 silly tarball no local data for flatstr@https://registry.npmjs.org/flatstr/-/flatstr-1.0.12.tgz. Extracting by manifest.
154 silly tarball no local data for find-my-way@https://registry.npmjs.org/find-my-way/-/find-my-way-4.5.1.tgz. Extracting by manifest.
155 silly tarball no local data for fill-range@https://registry.npmjs.org/fill-range/-/fill-range-7.0.1.tgz. Extracting by manifest.
156 silly tarball no local data for fastseries@https://registry.npmjs.org/fastseries/-/fastseries-1.7.2.tgz. Extracting by manifest.
157 silly tarball no local data for fs.realpath@https://registry.npmjs.org/fs.realpath/-/fs.realpath-1.0.0.tgz. Extracting by manifest.
158 silly tarball no local data for fastq@https://registry.npmjs.org/fastq/-/fastq-1.13.0.tgz. Extracting by manifest.
159 silly tarball no local data for fastify-static@https://registry.npmjs.org/fastify-static/-/fastify-static-4.7.0.tgz. Extracting by manifest.
160 silly tarball no local data for fastparallel@https://registry.npmjs.org/fastparallel/-/fastparallel-2.4.1.tgz. Extracting by manifest.
161 silly tarball no local data for fastify-static-deprecated@https://registry.npmjs.org/fastify-static/-/fastify-static-4.6.1.tgz. Extracting by manifest.
162 silly tarball no local data for fastify-socket.io@https://registry.npmjs.org/fastify-socket.io/-/fastify-socket.io-3.0.0.tgz. Extracting by manifest.
163 silly tarball no local data for fastify-jwt-deprecated@https://registry.npmjs.org/fastify-jwt/-/fastify-jwt-4.1.3.tgz. Extracting by manifest.
164 silly tarball no local data for fastify-plugin@https://registry.npmjs.org/fastify-plugin/-/fastify-plugin-3.0.1.tgz. Extracting by manifest.
165 silly tarball no local data for fastify-jwt@https://registry.npmjs.org/fastify-jwt/-/fastify-jwt-4.2.0.tgz. Extracting by manifest.
166 silly tarball no local data for fastify-cli@https://registry.npmjs.org/fastify-cli/-/fastify-cli-3.1.0.tgz. Extracting by manifest.
167 silly tarball no local data for fastify@https://registry.npmjs.org/fastify/-/fastify-3.29.0.tgz. Extracting by manifest.
168 silly tarball no local data for fast-safe-stringify@https://registry.npmjs.org/fast-safe-stringify/-/fast-safe-stringify-2.1.1.tgz. Extracting by manifest.
169 silly tarball no local data for fastfall@https://registry.npmjs.org/fastfall/-/fastfall-1.5.1.tgz. Extracting by manifest.
170 silly tarball no local data for fast-redact@https://registry.npmjs.org/fast-redact/-/fast-redact-3.1.1.tgz. Extracting by manifest.
171 silly tarball no local data for fast-jwt@https://registry.npmjs.org/fast-jwt/-/fast-jwt-1.6.0.tgz. Extracting by manifest.
172 silly tarball no local data for fast-json-stringify@https://registry.npmjs.org/fast-json-stringify/-/fast-json-stringify-2.7.13.tgz. Extracting by manifest.
173 silly tarball no local data for fast-json-stable-stringify@https://registry.npmjs.org/fast-json-stable-stringify/-/fast-json-stable-stringify-2.1.0.tgz. Extracting by manifest.
174 silly tarball no local data for fast-json-parse@https://registry.npmjs.org/fast-json-parse/-/fast-json-parse-1.0.3.tgz. Extracting by manifest.
175 silly tarball no local data for fast-deep-equal@https://registry.npmjs.org/fast-deep-equal/-/fast-deep-equal-3.1.3.tgz. Extracting by manifest.
176 silly tarball no local data for fast-decode-uri-component@https://registry.npmjs.org/fast-decode-uri-component/-/fast-decode-uri-component-1.0.1.tgz. Extracting by manifest.
177 silly tarball no local data for etag@https://registry.npmjs.org/etag/-/etag-1.8.1.tgz. Extracting by manifest.
178 silly tarball no local data for engine.io-parser@https://registry.npmjs.org/engine.io-parser/-/engine.io-parser-5.0.4.tgz. Extracting by manifest.
179 silly tarball no local data for escape-html@https://registry.npmjs.org/escape-html/-/escape-html-1.0.3.tgz. Extracting by manifest.
180 silly tarball no local data for engine.io@https://registry.npmjs.org/engine.io/-/engine.io-6.2.0.tgz. Extracting by manifest.
181 silly tarball no local data for encodeurl@https://registry.npmjs.org/encodeurl/-/encodeurl-1.0.2.tgz. Extracting by manifest.
182 silly tarball no local data for end-of-stream@https://registry.npmjs.org/end-of-stream/-/end-of-stream-1.4.4.tgz. Extracting by manifest.
183 silly tarball no local data for encoding-negotiator@https://registry.npmjs.org/encoding-negotiator/-/encoding-negotiator-2.0.1.tgz. Extracting by manifest.
184 silly tarball no local data for ee-first@https://registry.npmjs.org/ee-first/-/ee-first-1.1.1.tgz. Extracting by manifest.
185 silly tarball no local data for ecdsa-sig-formatter@https://registry.npmjs.org/ecdsa-sig-formatter/-/ecdsa-sig-formatter-1.0.11.tgz. Extracting by manifest.
186 silly tarball no local data for destroy@https://registry.npmjs.org/destroy/-/destroy-1.0.4.tgz. Extracting by manifest.
187 silly tarball no local data for depd@https://registry.npmjs.org/depd/-/depd-2.0.0.tgz. Extracting by manifest.
188 silly tarball no local data for dotenv@https://registry.npmjs.org/dotenv/-/dotenv-16.0.1.tgz. Extracting by manifest.
189 silly tarball no local data for deepmerge@https://registry.npmjs.org/deepmerge/-/deepmerge-4.2.2.tgz. Extracting by manifest.
190 silly tarball no local data for cors@https://registry.npmjs.org/cors/-/cors-2.8.5.tgz. Extracting by manifest.
191 silly tarball no local data for debug@https://registry.npmjs.org/debug/-/debug-4.3.4.tgz. Extracting by manifest.
192 silly tarball no local data for cookie@https://registry.npmjs.org/cookie/-/cookie-0.5.0.tgz. Extracting by manifest.
193 silly tarball no local data for content-disposition@https://registry.npmjs.org/content-disposition/-/content-disposition-0.5.4.tgz. Extracting by manifest.
194 silly tarball no local data for concat-map@https://registry.npmjs.org/concat-map/-/concat-map-0.0.1.tgz. Extracting by manifest.
195 silly tarball no local data for component-emitter@https://registry.npmjs.org/component-emitter/-/component-emitter-1.3.0.tgz. Extracting by manifest.
196 silly tarball no local data for commist@https://registry.npmjs.org/commist/-/commist-2.0.0.tgz. Extracting by manifest.
197 silly tarball no local data for commander@https://registry.npmjs.org/commander/-/commander-9.3.0.tgz. Extracting by manifest.
198 silly tarball no local data for close-with-grace@https://registry.npmjs.org/close-with-grace/-/close-with-grace-1.1.0.tgz. Extracting by manifest.
199 silly tarball no local data for color-name@https://registry.npmjs.org/color-name/-/color-name-1.1.4.tgz. Extracting by manifest.
200 silly tarball no local data for color-convert@https://registry.npmjs.org/color-convert/-/color-convert-2.0.1.tgz. Extracting by manifest.
201 silly tarball no local data for chokidar@https://registry.npmjs.org/chokidar/-/chokidar-3.5.3.tgz. Extracting by manifest.
202 silly tarball no local data for chalk@https://registry.npmjs.org/chalk/-/chalk-4.1.2.tgz. Extracting by manifest.
203 silly tarball no local data for braces@https://registry.npmjs.org/braces/-/braces-3.0.2.tgz. Extracting by manifest.
204 silly tarball no local data for bn.js@https://registry.npmjs.org/bn.js/-/bn.js-4.12.0.tgz. Extracting by manifest.
205 silly tarball no local data for brace-expansion@https://registry.npmjs.org/brace-expansion/-/brace-expansion-1.1.11.tgz. Extracting by manifest.
206 silly tarball no local data for binary-extensions@https://registry.npmjs.org/binary-extensions/-/binary-extensions-2.2.0.tgz. Extracting by manifest.
207 silly tarball no local data for base64id@https://registry.npmjs.org/base64id/-/base64id-2.0.0.tgz. Extracting by manifest.
208 silly tarball no local data for balanced-match@https://registry.npmjs.org/balanced-match/-/balanced-match-1.0.2.tgz. Extracting by manifest.
209 silly tarball no local data for avvio@https://registry.npmjs.org/avvio/-/avvio-7.2.5.tgz. Extracting by manifest.
210 silly tarball no local data for atomic-sleep@https://registry.npmjs.org/atomic-sleep/-/atomic-sleep-1.0.0.tgz. Extracting by manifest.
211 silly tarball no local data for asn1.js@https://registry.npmjs.org/asn1.js/-/asn1.js-5.4.1.tgz. Extracting by manifest.
212 silly tarball no local data for anymatch@https://registry.npmjs.org/anymatch/-/anymatch-3.1.2.tgz. Extracting by manifest.
213 silly tarball no local data for archy@https://registry.npmjs.org/archy/-/archy-1.0.0.tgz. Extracting by manifest.
214 silly tarball no local data for ajv@https://registry.npmjs.org/ajv/-/ajv-6.12.6.tgz. Extracting by manifest.
215 silly tarball no local data for ansi-styles@https://registry.npmjs.org/ansi-styles/-/ansi-styles-4.3.0.tgz. Extracting by manifest.
216 silly tarball no local data for accepts@https://registry.npmjs.org/accepts/-/accepts-1.3.8.tgz. Extracting by manifest.
217 silly tarball no local data for abstract-logging@https://registry.npmjs.org/abstract-logging/-/abstract-logging-2.0.1.tgz. Extracting by manifest.
218 silly tarball no local data for @types/cors@https://registry.npmjs.org/@types/cors/-/cors-2.8.12.tgz. Extracting by manifest.
219 silly tarball no local data for @types/node@https://registry.npmjs.org/@types/node/-/node-18.0.0.tgz. Extracting by manifest.
220 silly tarball no local data for @types/component-emitter@https://registry.npmjs.org/@types/component-emitter/-/component-emitter-1.2.11.tgz. Extracting by manifest.
221 silly tarball no local data for @lukeed/ms@https://registry.npmjs.org/@lukeed/ms/-/ms-2.0.0.tgz. Extracting by manifest.
222 silly tarball no local data for @types/cookie@https://registry.npmjs.org/@types/cookie/-/cookie-0.4.1.tgz. Extracting by manifest.
223 silly tarball no local data for @hexlet/chat-server@https://registry.npmjs.org/@hexlet/chat-server/-/chat-server-1.1.3.tgz. Extracting by manifest.
224 silly tarball no local data for @fastify/error@https://registry.npmjs.org/@fastify/error/-/error-2.0.0.tgz. Extracting by manifest.
225 silly tarball no local data for @fastify/ajv-compiler@https://registry.npmjs.org/@fastify/ajv-compiler/-/ajv-compiler-1.1.0.tgz. Extracting by manifest.
226 silly tarball no local data for statuses@https://registry.npmjs.org/statuses/-/statuses-1.5.0.tgz. Extracting by manifest.
227 silly tarball no local data for ms@https://registry.npmjs.org/ms/-/ms-2.1.3.tgz. Extracting by manifest.
228 silly tarball no local data for http-errors@https://registry.npmjs.org/http-errors/-/http-errors-1.8.1.tgz. Extracting by manifest.
229 silly tarball no local data for depd@https://registry.npmjs.org/depd/-/depd-1.1.2.tgz. Extracting by manifest.
230 silly tarball no local data for ms@https://registry.npmjs.org/ms/-/ms-2.0.0.tgz. Extracting by manifest.
231 silly tarball no local data for debug@https://registry.npmjs.org/debug/-/debug-2.6.9.tgz. Extracting by manifest.
232 silly tarball no local data for split2@https://registry.npmjs.org/split2/-/split2-3.2.2.tgz. Extracting by manifest.
233 silly tarball no local data for chalk@https://registry.npmjs.org/chalk/-/chalk-3.0.0.tgz. Extracting by manifest.
234 silly tarball no local data for json-schema-traverse@https://registry.npmjs.org/json-schema-traverse/-/json-schema-traverse-1.0.0.tgz. Extracting by manifest.
235 silly tarball no local data for ajv@https://registry.npmjs.org/ajv/-/ajv-8.11.0.tgz. Extracting by manifest.
236 silly tarball no local data for p-limit@https://registry.npmjs.org/p-limit/-/p-limit-3.1.0.tgz. Extracting by manifest.
237 silly tarball no local data for cookie@https://registry.npmjs.org/cookie/-/cookie-0.4.2.tgz. Extracting by manifest.
238 silly tarball no local data for split2@https://registry.npmjs.org/split2/-/split2-3.2.2.tgz. Extracting by manifest.
239 http fetch POST 200 https://registry.npmjs.org/-/npm/v1/security/advisories/bulk 1600ms
240 timing auditReport:getReport Completed in 1610ms
241 silly audit report {
241 silly audit report   'socket.io-parser': [
241 silly audit report     {
241 silly audit report       id: 1084824,
241 silly audit report       url: 'https://github.com/advisories/GHSA-qm95-pgcg-qqfq',
241 silly audit report       title: 'Insufficient validation when decoding a Socket.IO packet',
241 silly audit report       severity: 'critical',
241 silly audit report       vulnerable_versions: '<4.0.5',
241 silly audit report       cwe: [],
241 silly audit report       cvss: [Object]
241 silly audit report     }
241 silly audit report   ]
241 silly audit report }
242 timing metavuln:cache:get:security-advisory:socket.io-parser:XPa1CAJIqs3goiY74L0nNUlBqvFwtezGDRiAxXZaBAMz5JbAa6519By+6kjK/XJEsGmgfvstRTqjIgnKu4kcOQ== Completed in 33ms
243 http fetch GET 200 https://registry.npmjs.org/yocto-queue/-/yocto-queue-0.1.0.tgz 1860ms (cache miss)
244 timing reifyNode:node_modules/yocto-queue Completed in 2219ms
245 http fetch GET 200 https://registry.npmjs.org/xtend/-/xtend-4.0.2.tgz 1854ms (cache miss)
246 timing reifyNode:node_modules/xtend Completed in 2219ms
247 http fetch GET 200 https://registry.npmjs.org/yallist/-/yallist-4.0.0.tgz 1902ms (cache miss)
248 timing reifyNode:node_modules/yallist Completed in 2266ms
249 http fetch GET 200 https://registry.npmjs.org/wrappy/-/wrappy-1.0.2.tgz 2169ms (cache miss)
250 timing reifyNode:node_modules/wrappy Completed in 2538ms
251 http fetch GET 200 https://registry.npmjs.org/tmpl/-/tmpl-1.0.5.tgz 2157ms (cache miss)
252 timing reifyNode:node_modules/tmpl Completed in 2538ms
253 http fetch GET 200 https://registry.npmjs.org/util-deprecate/-/util-deprecate-1.0.2.tgz 2165ms (cache miss)
254 timing reifyNode:node_modules/util-deprecate Completed in 2541ms
255 http fetch GET 200 https://registry.npmjs.org/supports-color/-/supports-color-7.2.0.tgz 2182ms (cache miss)
256 timing reifyNode:node_modules/supports-color Completed in 2567ms
257 http fetch GET 200 https://registry.npmjs.org/toidentifier/-/toidentifier-1.0.1.tgz 2192ms (cache miss)
258 timing reifyNode:node_modules/toidentifier Completed in 2569ms
259 http fetch GET 200 https://registry.npmjs.org/vary/-/vary-1.1.2.tgz 2275ms (cache miss)
260 timing reifyNode:node_modules/vary Completed in 2644ms
261 http fetch GET 200 https://registry.npmjs.org/tiny-lru/-/tiny-lru-8.0.2.tgz 2261ms (cache miss)
262 timing reifyNode:node_modules/tiny-lru Completed in 2643ms
263 http fetch GET 200 https://registry.npmjs.org/string-similarity/-/string-similarity-4.0.4.tgz 2258ms (cache miss)
264 timing reifyNode:node_modules/string-similarity Completed in 2644ms
265 http fetch GET 200 https://registry.npmjs.org/walker/-/walker-1.0.8.tgz 2294ms (cache miss)
266 timing reifyNode:node_modules/walker Completed in 2665ms
267 http fetch GET 200 https://registry.npmjs.org/setprototypeof/-/setprototypeof-1.2.0.tgz 2247ms (cache miss)
268 timing reifyNode:node_modules/setprototypeof Completed in 2663ms
269 http fetch GET 200 https://registry.npmjs.org/to-regex-range/-/to-regex-range-5.0.1.tgz 2383ms (cache miss)
270 timing reifyNode:node_modules/to-regex-range Completed in 2763ms
271 http fetch GET 200 https://registry.npmjs.org/string_decoder/-/string_decoder-1.3.0.tgz 2430ms (cache miss)
272 timing reifyNode:node_modules/string_decoder Completed in 2817ms
273 http fetch GET 200 https://registry.npmjs.org/statuses/-/statuses-2.0.1.tgz 2429ms (cache miss)
274 timing reifyNode:node_modules/statuses Completed in 2817ms
275 http fetch GET 200 https://registry.npmjs.org/split2/-/split2-4.1.0.tgz 2427ms (cache miss)
276 timing reifyNode:node_modules/split2 Completed in 2818ms
277 http fetch GET 200 https://registry.npmjs.org/socket.io-adapter/-/socket.io-adapter-2.4.0.tgz 2417ms (cache miss)
278 timing reifyNode:node_modules/socket.io-adapter Completed in 2818ms
279 http fetch GET 200 https://registry.npmjs.org/semver-store/-/semver-store-0.3.0.tgz 2471ms (cache miss)
280 timing reifyNode:node_modules/semver-store Completed in 2891ms
281 http fetch GET 200 https://registry.npmjs.org/socket.io-parser/-/socket.io-parser-4.0.4.tgz 2564ms (cache miss)
282 timing reifyNode:node_modules/socket.io-parser Completed in 2962ms
283 http fetch GET 200 https://registry.npmjs.org/safe-regex2/-/safe-regex2-2.0.0.tgz 2532ms (cache miss)
284 timing reifyNode:node_modules/safe-regex2 Completed in 2961ms
285 http fetch GET 200 https://registry.npmjs.org/require-from-string/-/require-from-string-2.0.2.tgz 2617ms (cache miss)
286 timing reifyNode:node_modules/require-from-string Completed in 3057ms
287 http fetch GET 200 https://registry.npmjs.org/set-cookie-parser/-/set-cookie-parser-2.5.0.tgz 2744ms (cache miss)
288 timing reifyNode:node_modules/set-cookie-parser Completed in 3163ms
289 http fetch GET 200 https://registry.npmjs.org/ret/-/ret-0.2.2.tgz 2758ms (cache miss)
290 timing reifyNode:node_modules/ret Completed in 3193ms
291 http fetch GET 200 https://registry.npmjs.org/resolve-from/-/resolve-from-5.0.0.tgz 2758ms (cache miss)
292 timing reifyNode:node_modules/resolve-from Completed in 3203ms
293 http fetch GET 200 https://registry.npmjs.org/reusify/-/reusify-1.0.4.tgz 2851ms (cache miss)
294 timing reifyNode:node_modules/reusify Completed in 3288ms
295 http fetch GET 200 https://registry.npmjs.org/safe-buffer/-/safe-buffer-5.2.1.tgz 2927ms (cache miss)
296 timing reifyNode:node_modules/safe-buffer Completed in 3357ms
297 http fetch GET 200 https://registry.npmjs.org/pkg-up/-/pkg-up-3.1.0.tgz 2853ms (cache miss)
298 timing reifyNode:node_modules/pkg-up Completed in 3358ms
299 http fetch GET 200 https://registry.npmjs.org/ms/-/ms-2.1.2.tgz 2811ms (cache miss)
300 timing reifyNode:node_modules/ms Completed in 3359ms
301 http fetch GET 200 https://registry.npmjs.org/rfdc/-/rfdc-1.3.0.tgz 2955ms (cache miss)
302 timing reifyNode:node_modules/rfdc Completed in 3393ms
303 http fetch GET 200 https://registry.npmjs.org/range-parser/-/range-parser-1.2.1.tgz 2915ms (cache miss)
304 timing reifyNode:node_modules/range-parser Completed in 3397ms
305 http fetch GET 200 https://registry.npmjs.org/pump/-/pump-3.0.0.tgz 2911ms (cache miss)
306 timing reifyNode:node_modules/pump Completed in 3398ms
307 http fetch GET 200 https://registry.npmjs.org/punycode/-/punycode-2.1.1.tgz 2915ms (cache miss)
308 timing reifyNode:node_modules/punycode Completed in 3399ms
309 http fetch GET 200 https://registry.npmjs.org/p-try/-/p-try-2.2.0.tgz 2880ms (cache miss)
310 timing reifyNode:node_modules/p-try Completed in 3402ms
311 http fetch GET 200 https://registry.npmjs.org/sonic-boom/-/sonic-boom-1.4.1.tgz 3046ms (cache miss)
312 timing reifyNode:node_modules/sonic-boom Completed in 3439ms
313 http fetch GET 200 https://registry.npmjs.org/quick-format-unescaped/-/quick-format-unescaped-4.0.4.tgz 2953ms (cache miss)
314 timing reifyNode:node_modules/quick-format-unescaped Completed in 3436ms
315 http fetch GET 200 https://registry.npmjs.org/pretty-ms/-/pretty-ms-5.1.0.tgz 2939ms (cache miss)
316 timing reifyNode:node_modules/pretty-ms Completed in 3435ms
317 http fetch GET 200 https://registry.npmjs.org/process-warning/-/process-warning-1.0.0.tgz 2942ms (cache miss)
318 timing reifyNode:node_modules/process-warning Completed in 3436ms
319 http fetch GET 200 https://registry.npmjs.org/proxy-addr/-/proxy-addr-2.0.7.tgz 3025ms (cache miss)
320 timing reifyNode:node_modules/proxy-addr Completed in 3515ms
321 http fetch GET 200 https://registry.npmjs.org/prettier-bytes/-/prettier-bytes-1.0.4.tgz 3016ms (cache miss)
322 timing reifyNode:node_modules/prettier-bytes Completed in 3515ms
323 http fetch GET 200 https://registry.npmjs.org/parse-ms/-/parse-ms-2.1.0.tgz 2998ms (cache miss)
324 timing reifyNode:node_modules/parse-ms Completed in 3516ms
325 http fetch GET 200 https://registry.npmjs.org/path-is-absolute/-/path-is-absolute-1.0.1.tgz 3000ms (cache miss)
326 timing reifyNode:node_modules/path-is-absolute Completed in 3516ms
327 http fetch GET 200 https://registry.npmjs.org/normalize-path/-/normalize-path-3.0.0.tgz 2971ms (cache miss)
328 timing reifyNode:node_modules/normalize-path Completed in 3516ms
329 http fetch GET 200 https://registry.npmjs.org/readdirp/-/readdirp-3.6.0.tgz 3133ms (cache miss)
330 timing reifyNode:node_modules/readdirp Completed in 3588ms
331 http fetch GET 200 https://registry.npmjs.org/object-assign/-/object-assign-4.1.1.tgz 3044ms (cache miss)
332 timing reifyNode:node_modules/object-assign Completed in 3587ms
333 http fetch GET 200 https://registry.npmjs.org/path-exists/-/path-exists-3.0.0.tgz 3069ms (cache miss)
334 timing reifyNode:node_modules/path-exists Completed in 3589ms
335 http fetch GET 200 https://registry.npmjs.org/once/-/once-1.4.0.tgz 3053ms (cache miss)
336 timing reifyNode:node_modules/once Completed in 3589ms
337 http fetch GET 200 https://registry.npmjs.org/queue-microtask/-/queue-microtask-1.2.3.tgz 3125ms (cache miss)
338 timing reifyNode:node_modules/queue-microtask Completed in 3638ms
339 http fetch GET 200 https://registry.npmjs.org/p-locate/-/p-locate-3.0.0.tgz 3113ms (cache miss)
340 timing reifyNode:node_modules/p-locate Completed in 3637ms
341 http fetch GET 200 https://registry.npmjs.org/p-limit/-/p-limit-2.3.0.tgz 3102ms (cache miss)
342 timing reifyNode:node_modules/p-limit Completed in 3636ms
343 http fetch GET 200 https://registry.npmjs.org/on-finished/-/on-finished-2.3.0.tgz 3098ms (cache miss)
344 timing reifyNode:node_modules/on-finished Completed in 3637ms
345 http fetch GET 200 https://registry.npmjs.org/send/-/send-0.17.2.tgz 3318ms (cache miss)
346 timing reifyNode:node_modules/send Completed in 3734ms
347 http fetch GET 200 https://registry.npmjs.org/safer-buffer/-/safer-buffer-2.1.2.tgz 3308ms (cache miss)
348 timing reifyNode:node_modules/safer-buffer Completed in 3734ms
349 http fetch GET 200 https://registry.npmjs.org/secure-json-parse/-/secure-json-parse-2.4.0.tgz 3311ms (cache miss)
350 timing reifyNode:node_modules/secure-json-parse Completed in 3735ms
351 http fetch GET 200 https://registry.npmjs.org/minimalistic-assert/-/minimalistic-assert-1.0.1.tgz 3223ms (cache miss)
352 timing reifyNode:node_modules/minimalistic-assert Completed in 3780ms
353 http fetch GET 200 https://registry.npmjs.org/make-promises-safe/-/make-promises-safe-5.1.0.tgz 3214ms (cache miss)
354 timing reifyNode:node_modules/make-promises-safe Completed in 3781ms
355 http fetch GET 200 https://registry.npmjs.org/leven/-/leven-3.1.0.tgz 3198ms (cache miss)
356 timing reifyNode:node_modules/leven Completed in 3781ms
357 http fetch GET 200 https://registry.npmjs.org/is-binary-path/-/is-binary-path-2.1.0.tgz 3184ms (cache miss)
358 timing reifyNode:node_modules/is-binary-path Completed in 3783ms
359 http fetch GET 200 https://registry.npmjs.org/yargs-parser/-/yargs-parser-20.2.9.tgz 3442ms (cache miss)
360 timing reifyNode:node_modules/yargs-parser Completed in 3804ms
361 http fetch GET 200 https://registry.npmjs.org/mime-types/-/mime-types-2.1.35.tgz 3251ms (cache miss)
362 timing reifyNode:node_modules/mime-types Completed in 3811ms
363 http fetch GET 200 https://registry.npmjs.org/is-glob/-/is-glob-4.0.3.tgz 3221ms (cache miss)
364 timing reifyNode:node_modules/is-glob Completed in 3812ms
365 http fetch GET 200 https://registry.npmjs.org/minimatch/-/minimatch-3.1.2.tgz 3297ms (cache miss)
366 timing reifyNode:node_modules/minimatch Completed in 3858ms
367 http fetch GET 200 https://registry.npmjs.org/lru-cache/-/lru-cache-6.0.0.tgz 3375ms (cache miss)
368 timing reifyNode:node_modules/lru-cache Completed in 3952ms
369 http fetch GET 200 https://registry.npmjs.org/locate-path/-/locate-path-3.0.0.tgz 3372ms (cache miss)
370 timing reifyNode:node_modules/locate-path Completed in 3953ms
371 http fetch GET 200 https://registry.npmjs.org/makeerror/-/makeerror-1.0.12.tgz 3394ms (cache miss)
372 timing reifyNode:node_modules/makeerror Completed in 3957ms
373 http fetch GET 200 https://registry.npmjs.org/has-flag/-/has-flag-4.0.0.tgz 3353ms (cache miss)
374 timing reifyNode:node_modules/has-flag Completed in 3961ms
375 http fetch GET 200 https://registry.npmjs.org/is-extglob/-/is-extglob-2.1.1.tgz 3432ms (cache miss)
376 timing reifyNode:node_modules/is-extglob Completed in 4027ms
377 http fetch GET 200 https://registry.npmjs.org/isbinaryfile/-/isbinaryfile-4.0.10.tgz 3455ms (cache miss)
378 timing reifyNode:node_modules/isbinaryfile Completed in 4045ms
379 http fetch GET 200 https://registry.npmjs.org/json-schema-traverse/-/json-schema-traverse-0.4.1.tgz 3476ms (cache miss)
380 timing reifyNode:node_modules/json-schema-traverse Completed in 4062ms
381 http fetch GET 200 https://registry.npmjs.org/inherits/-/inherits-2.0.4.tgz 3503ms (cache miss)
382 timing reifyNode:node_modules/inherits Completed in 4104ms
383 http fetch GET 200 https://registry.npmjs.org/pino-std-serializers/-/pino-std-serializers-3.2.0.tgz 3608ms (cache miss)
384 timing reifyNode:node_modules/pino-std-serializers Completed in 4113ms
385 http fetch GET 200 https://registry.npmjs.org/find-up/-/find-up-3.0.0.tgz 3483ms (cache miss)
386 timing reifyNode:node_modules/find-up Completed in 4113ms
387 http fetch GET 200 https://registry.npmjs.org/forwarded/-/forwarded-0.2.0.tgz 3487ms (cache miss)
388 timing reifyNode:node_modules/forwarded Completed in 4115ms
389 http fetch GET 200 https://registry.npmjs.org/is-docker/-/is-docker-2.2.1.tgz 3597ms (cache miss)
390 timing reifyNode:node_modules/is-docker Completed in 4194ms
391 http fetch GET 200 https://registry.npmjs.org/inflight/-/inflight-1.0.6.tgz 3591ms (cache miss)
392 timing reifyNode:node_modules/inflight Completed in 4195ms
393 http fetch GET 200 https://registry.npmjs.org/is-number/-/is-number-7.0.0.tgz 3603ms (cache miss)
394 timing reifyNode:node_modules/is-number Completed in 4197ms
395 http fetch GET 200 https://registry.npmjs.org/flatstr/-/flatstr-1.0.12.tgz 3574ms (cache miss)
396 timing reifyNode:node_modules/flatstr Completed in 4206ms
397 http fetch GET 200 https://registry.npmjs.org/fill-range/-/fill-range-7.0.1.tgz 3571ms (cache miss)
398 timing reifyNode:node_modules/fill-range Completed in 4206ms
399 http fetch GET 200 https://registry.npmjs.org/fastify-static/-/fastify-static-4.7.0.tgz 3566ms (cache miss)
400 timing reifyNode:node_modules/fastify-static Completed in 4207ms
401 http fetch GET 200 https://registry.npmjs.org/ipaddr.js/-/ipaddr.js-1.9.1.tgz 3665ms (cache miss)
402 timing reifyNode:node_modules/ipaddr.js Completed in 4264ms
403 http fetch GET 200 https://registry.npmjs.org/negotiator/-/negotiator-0.6.3.tgz 3721ms (cache miss)
404 timing reifyNode:node_modules/negotiator Completed in 4274ms
405 http fetch GET 200 https://registry.npmjs.org/http-errors/-/http-errors-2.0.0.tgz 3666ms (cache miss)
406 timing reifyNode:node_modules/http-errors Completed in 4271ms
407 http fetch GET 200 https://registry.npmjs.org/glob-parent/-/glob-parent-5.1.2.tgz 3650ms (cache miss)
408 timing reifyNode:node_modules/glob-parent Completed in 4273ms
409 http fetch GET 200 https://registry.npmjs.org/fresh/-/fresh-0.5.2.tgz 3646ms (cache miss)
410 timing reifyNode:node_modules/fresh Completed in 4273ms
411 http fetch GET 200 https://registry.npmjs.org/fastparallel/-/fastparallel-2.4.1.tgz 3629ms (cache miss)
412 timing reifyNode:node_modules/fastparallel Completed in 4273ms
413 http fetch GET 200 https://registry.npmjs.org/fastify-socket.io/-/fastify-socket.io-3.0.0.tgz 3628ms (cache miss)
414 timing reifyNode:node_modules/fastify-socket.io Completed in 4274ms
415 http fetch GET 200 https://registry.npmjs.org/fastseries/-/fastseries-1.7.2.tgz 3725ms (cache miss)
416 timing reifyNode:node_modules/fastseries Completed in 4362ms
417 http fetch GET 200 https://registry.npmjs.org/fs.realpath/-/fs.realpath-1.0.0.tgz 3724ms (cache miss)
418 timing reifyNode:node_modules/fs.realpath Completed in 4363ms
419 http fetch GET 200 https://registry.npmjs.org/fast-safe-stringify/-/fast-safe-stringify-2.1.1.tgz 3674ms (cache miss)
420 timing reifyNode:node_modules/fast-safe-stringify Completed in 4362ms
421 http fetch GET 200 https://registry.npmjs.org/picomatch/-/picomatch-2.3.1.tgz 3892ms (cache miss)
422 timing reifyNode:node_modules/picomatch Completed in 4407ms
423 http fetch GET 200 https://registry.npmjs.org/fast-deep-equal/-/fast-deep-equal-3.1.3.tgz 3721ms (cache miss)
424 timing reifyNode:node_modules/fast-deep-equal Completed in 4421ms
425 http fetch GET 200 https://registry.npmjs.org/fastify-jwt/-/fastify-jwt-4.2.0.tgz 3805ms (cache miss)
426 timing reifyNode:node_modules/fastify-jwt Completed in 4470ms
427 http fetch GET 200 https://registry.npmjs.org/fast-decode-uri-component/-/fast-decode-uri-component-1.0.1.tgz 3771ms (cache miss)
428 timing reifyNode:node_modules/fast-decode-uri-component Completed in 4471ms
429 http fetch GET 200 https://registry.npmjs.org/fastfall/-/fastfall-1.5.1.tgz 3821ms (cache miss)
430 timing reifyNode:node_modules/fastfall Completed in 4512ms
431 http fetch GET 200 https://registry.npmjs.org/etag/-/etag-1.8.1.tgz 3809ms (cache miss)
432 timing reifyNode:node_modules/etag Completed in 4512ms
433 http fetch GET 200 https://registry.npmjs.org/escape-html/-/escape-html-1.0.3.tgz 3808ms (cache miss)
434 timing reifyNode:node_modules/escape-html Completed in 4512ms
435 http fetch GET 200 https://registry.npmjs.org/encodeurl/-/encodeurl-1.0.2.tgz 3806ms (cache miss)
436 timing reifyNode:node_modules/encodeurl Completed in 4513ms
437 http fetch GET 200 https://registry.npmjs.org/end-of-stream/-/end-of-stream-1.4.4.tgz 3804ms (cache miss)
438 timing reifyNode:node_modules/end-of-stream Completed in 4514ms
439 http fetch GET 200 https://registry.npmjs.org/minimist/-/minimist-1.2.6.tgz 3992ms (cache miss)
440 timing reifyNode:node_modules/minimist Completed in 4545ms
441 http fetch GET 200 https://registry.npmjs.org/fastq/-/fastq-1.13.0.tgz 3901ms (cache miss)
442 http fetch GET 200 https://registry.npmjs.org/fast-json-parse/-/fast-json-parse-1.0.3.tgz 3844ms (cache miss)
443 timing reifyNode:node_modules/fast-json-parse Completed in 4542ms
444 http fetch GET 200 https://registry.npmjs.org/glob/-/glob-7.2.3.tgz 3942ms (cache miss)
445 timing reifyNode:node_modules/glob Completed in 4567ms
446 http fetch GET 200 https://registry.npmjs.org/base64id/-/base64id-2.0.0.tgz 3820ms (cache miss)
447 timing reifyNode:node_modules/base64id Completed in 4588ms
448 timing reifyNode:node_modules/fastq Completed in 4610ms
449 http fetch GET 200 https://registry.npmjs.org/ee-first/-/ee-first-1.1.1.tgz 3899ms (cache miss)
450 timing reifyNode:node_modules/ee-first Completed in 4612ms
451 http fetch GET 200 https://registry.npmjs.org/cors/-/cors-2.8.5.tgz 3887ms (cache miss)
452 timing reifyNode:node_modules/cors Completed in 4612ms
453 http fetch GET 200 https://registry.npmjs.org/debug/-/debug-4.3.4.tgz 3886ms (cache miss)
454 timing reifyNode:node_modules/debug Completed in 4613ms
455 http fetch GET 200 https://registry.npmjs.org/cookie/-/cookie-0.5.0.tgz 3885ms (cache miss)
456 timing reifyNode:node_modules/cookie Completed in 4613ms
457 http fetch GET 200 https://registry.npmjs.org/color-convert/-/color-convert-2.0.1.tgz 3868ms (cache miss)
458 timing reifyNode:node_modules/color-convert Completed in 4618ms
459 http fetch GET 200 https://registry.npmjs.org/destroy/-/destroy-1.0.4.tgz 3918ms (cache miss)
460 timing reifyNode:node_modules/destroy Completed in 4636ms
461 http fetch GET 200 https://registry.npmjs.org/encoding-negotiator/-/encoding-negotiator-2.0.1.tgz 3926ms (cache miss)
462 timing reifyNode:node_modules/encoding-negotiator Completed in 4638ms
463 http fetch GET 200 https://registry.npmjs.org/color-name/-/color-name-1.1.4.tgz 3890ms (cache miss)
464 timing reifyNode:node_modules/color-name Completed in 4637ms
465 http fetch GET 200 https://registry.npmjs.org/content-disposition/-/content-disposition-0.5.4.tgz 3909ms (cache miss)
466 timing reifyNode:node_modules/content-disposition Completed in 4640ms
467 http fetch GET 200 https://registry.npmjs.org/ecdsa-sig-formatter/-/ecdsa-sig-formatter-1.0.11.tgz 3938ms (cache miss)
468 timing reifyNode:node_modules/ecdsa-sig-formatter Completed in 4654ms
469 http fetch GET 200 https://registry.npmjs.org/commist/-/commist-2.0.0.tgz 3921ms (cache miss)
470 timing reifyNode:node_modules/commist Completed in 4657ms
471 http fetch GET 200 https://registry.npmjs.org/balanced-match/-/balanced-match-1.0.2.tgz 3889ms (cache miss)
472 timing reifyNode:node_modules/balanced-match Completed in 4658ms
473 http fetch GET 200 https://registry.npmjs.org/brace-expansion/-/brace-expansion-1.1.11.tgz 3900ms (cache miss)
474 timing reifyNode:node_modules/brace-expansion Completed in 4660ms
475 http fetch GET 200 https://registry.npmjs.org/binary-extensions/-/binary-extensions-2.2.0.tgz 3895ms (cache miss)
476 timing reifyNode:node_modules/binary-extensions Completed in 4661ms
477 http fetch GET 200 https://registry.npmjs.org/dotenv/-/dotenv-16.0.1.tgz 3966ms (cache miss)
478 timing reifyNode:node_modules/dotenv Completed in 4688ms
479 http fetch GET 200 https://registry.npmjs.org/deepmerge/-/deepmerge-4.2.2.tgz 3966ms (cache miss)
480 timing reifyNode:node_modules/deepmerge Completed in 4689ms
481 http fetch GET 200 https://registry.npmjs.org/depd/-/depd-2.0.0.tgz 3969ms (cache miss)
482 timing reifyNode:node_modules/depd Completed in 4689ms
483 http fetch GET 200 https://registry.npmjs.org/component-emitter/-/component-emitter-1.3.0.tgz 3957ms (cache miss)
484 timing reifyNode:node_modules/component-emitter Completed in 4690ms
485 http fetch GET 200 https://registry.npmjs.org/braces/-/braces-3.0.2.tgz 3936ms (cache miss)
486 http fetch GET 200 https://registry.npmjs.org/chalk/-/chalk-4.1.2.tgz 3938ms (cache miss)
487 timing reifyNode:node_modules/chalk Completed in 4691ms
488 http fetch GET 200 https://registry.npmjs.org/ansi-styles/-/ansi-styles-4.3.0.tgz 3902ms (cache miss)
489 timing reifyNode:node_modules/ansi-styles Completed in 4693ms
490 http fetch GET 200 https://registry.npmjs.org/@types/cookie/-/cookie-0.4.1.tgz 3894ms (cache miss)
491 timing reifyNode:node_modules/@types/cookie Completed in 4696ms
492 http fetch GET 200 https://registry.npmjs.org/ws/-/ws-8.2.3.tgz 4363ms (cache miss)
493 timing reifyNode:node_modules/ws Completed in 4730ms
494 http fetch GET 200 https://registry.npmjs.org/fastify-plugin/-/fastify-plugin-3.0.1.tgz 4065ms (cache miss)
495 http fetch GET 200 https://registry.npmjs.org/fast-json-stable-stringify/-/fast-json-stable-stringify-2.1.0.tgz 4019ms (cache miss)
496 http fetch GET 200 https://registry.npmjs.org/concat-map/-/concat-map-0.0.1.tgz 3984ms (cache miss)
497 timing reifyNode:node_modules/concat-map Completed in 4716ms
498 http fetch GET 200 https://registry.npmjs.org/mime/-/mime-1.6.0.tgz 4169ms (cache miss)
499 timing reifyNode:node_modules/mime Completed in 4735ms
500 http fetch GET 200 https://registry.npmjs.org/mime-db/-/mime-db-1.52.0.tgz 4175ms (cache miss)
501 timing reifyNode:node_modules/mime-db Completed in 4736ms
502 timing reifyNode:node_modules/fast-json-stable-stringify Completed in 4739ms
503 timing reifyNode:node_modules/braces Completed in 4737ms
504 http fetch GET 200 https://registry.npmjs.org/atomic-sleep/-/atomic-sleep-1.0.0.tgz 3956ms (cache miss)
505 timing reifyNode:node_modules/atomic-sleep Completed in 4738ms
506 http fetch GET 200 https://registry.npmjs.org/@types/component-emitter/-/component-emitter-1.2.11.tgz 3942ms (cache miss)
507 timing reifyNode:node_modules/@types/component-emitter Completed in 4740ms
508 http fetch GET 200 https://registry.npmjs.org/close-with-grace/-/close-with-grace-1.1.0.tgz 4024ms (cache miss)
509 http fetch GET 200 https://registry.npmjs.org/accepts/-/accepts-1.3.8.tgz 3970ms (cache miss)
510 timing reifyNode:node_modules/accepts Completed in 4762ms
511 http fetch GET 200 https://registry.npmjs.org/@types/cors/-/cors-2.8.12.tgz 3966ms (cache miss)
512 timing reifyNode:node_modules/@types/cors Completed in 4762ms
513 http fetch GET 200 https://registry.npmjs.org/help-me/-/help-me-3.0.0.tgz 4172ms (cache miss)
514 timing reifyNode:node_modules/fastify-plugin Completed in 4777ms
515 http fetch GET 200 https://registry.npmjs.org/bn.js/-/bn.js-4.12.0.tgz 4022ms (cache miss)
516 timing reifyNode:node_modules/bn.js Completed in 4778ms
517 http fetch GET 200 https://registry.npmjs.org/anymatch/-/anymatch-3.1.2.tgz 4010ms (cache miss)
518 timing reifyNode:node_modules/anymatch Completed in 4795ms
519 http fetch GET 200 https://registry.npmjs.org/abstract-logging/-/abstract-logging-2.0.1.tgz 4001ms (cache miss)
520 timing reifyNode:node_modules/abstract-logging Completed in 4795ms
521 http fetch GET 200 https://registry.npmjs.org/archy/-/archy-1.0.0.tgz 4009ms (cache miss)
522 timing reifyNode:node_modules/archy Completed in 4796ms
523 http fetch GET 200 https://registry.npmjs.org/fastify-jwt/-/fastify-jwt-4.1.3.tgz 4170ms (cache miss)
524 timing reifyNode:node_modules/close-with-grace Completed in 4816ms
525 http fetch GET 200 https://registry.npmjs.org/json-schema-traverse/-/json-schema-traverse-1.0.0.tgz 3981ms (cache miss)
526 timing reifyNode:node_modules/help-me Completed in 4830ms
527 timing reifyNode:node_modules/fastify-jwt-deprecated Completed in 4828ms
528 http fetch GET 200 https://registry.npmjs.org/split2/-/split2-3.2.2.tgz 4004ms (cache miss)
529 timing reifyNode:node_modules/pino-colada/node_modules/split2 Completed in 4855ms
530 http fetch GET 200 https://registry.npmjs.org/p-limit/-/p-limit-3.1.0.tgz 4000ms (cache miss)
531 timing reifyNode:node_modules/fastify-static-deprecated/node_modules/p-limit Completed in 4849ms
532 http fetch GET 200 https://registry.npmjs.org/ms/-/ms-2.1.3.tgz 4039ms (cache miss)
533 timing reifyNode:node_modules/send/node_modules/ms Completed in 4876ms
534 http fetch GET 200 https://registry.npmjs.org/ms/-/ms-2.0.0.tgz 4034ms (cache miss)
535 timing reifyNode:node_modules/send/node_modules/debug/node_modules/ms Completed in 4876ms
536 http fetch GET 200 https://registry.npmjs.org/@lukeed/ms/-/ms-2.0.0.tgz 4056ms (cache miss)
537 timing reifyNode:node_modules/@lukeed/ms Completed in 4857ms
538 http fetch GET 200 https://registry.npmjs.org/cookie/-/cookie-0.4.2.tgz 4013ms (cache miss)
539 timing reifyNode:node_modules/engine.io/node_modules/cookie Completed in 4860ms
540 http fetch GET 200 https://registry.npmjs.org/statuses/-/statuses-1.5.0.tgz 4054ms (cache miss)
541 timing reifyNode:node_modules/send/node_modules/statuses Completed in 4890ms
542 http fetch GET 200 https://registry.npmjs.org/http-errors/-/http-errors-1.8.1.tgz 4051ms (cache miss)
543 timing reifyNode:node_modules/send/node_modules/http-errors Completed in 4891ms
544 http fetch GET 200 https://registry.npmjs.org/chalk/-/chalk-3.0.0.tgz 4037ms (cache miss)
545 timing reifyNode:node_modules/pino-colada/node_modules/chalk Completed in 4885ms
546 http fetch GET 200 https://registry.npmjs.org/split2/-/split2-3.2.2.tgz 4024ms (cache miss)
547 timing reifyNode:node_modules/generify/node_modules/split2 Completed in 4879ms
548 http fetch GET 200 https://registry.npmjs.org/depd/-/depd-1.1.2.tgz 4060ms (cache miss)
549 timing reifyNode:node_modules/send/node_modules/depd Completed in 4900ms
550 http fetch GET 200 https://registry.npmjs.org/@fastify/ajv-compiler/-/ajv-compiler-1.1.0.tgz 4069ms (cache miss)
551 timing reifyNode:node_modules/@fastify/ajv-compiler Completed in 4881ms
552 http fetch GET 200 https://registry.npmjs.org/chokidar/-/chokidar-3.5.3.tgz 4138ms (cache miss)
553 timing reifyNode:node_modules/chokidar Completed in 4890ms
554 http fetch GET 200 https://registry.npmjs.org/debug/-/debug-2.6.9.tgz 4060ms (cache miss)
555 timing reifyNode:node_modules/light-my-request/node_modules/json-schema-traverse Completed in 4899ms
556 http fetch GET 200 https://registry.npmjs.org/light-my-request/-/light-my-request-4.10.1.tgz 4329ms (cache miss)
557 timing reifyNode:node_modules/light-my-request Completed in 4914ms
558 timing reifyNode:node_modules/send/node_modules/debug Completed in 4929ms
559 http fetch GET 200 https://registry.npmjs.org/obliterator/-/obliterator-2.0.4.tgz 4388ms (cache miss)
560 http fetch GET 200 https://registry.npmjs.org/fast-jwt/-/fast-jwt-1.6.0.tgz 4231ms (cache miss)
561 timing reifyNode:node_modules/fast-jwt Completed in 4924ms
562 timing reifyNode:node_modules/obliterator Completed in 4951ms
563 http fetch GET 200 https://registry.npmjs.org/engine.io-parser/-/engine.io-parser-5.0.4.tgz 4250ms (cache miss)
564 http fetch GET 200 https://registry.npmjs.org/asn1.js/-/asn1.js-5.4.1.tgz 4179ms (cache miss)
565 http fetch GET 200 https://registry.npmjs.org/steed/-/steed-1.1.3.tgz 4597ms (cache miss)
566 timing reifyNode:node_modules/steed Completed in 4986ms
567 http fetch GET 200 https://registry.npmjs.org/fast-redact/-/fast-redact-3.1.1.tgz 4279ms (cache miss)
568 timing reifyNode:node_modules/fast-redact Completed in 4971ms
569 timing reifyNode:node_modules/engine.io-parser Completed in 4976ms
570 timing reifyNode:node_modules/asn1.js Completed in 4977ms
571 http fetch GET 200 https://registry.npmjs.org/socket.io-parser 3417ms (cache miss)
572 timing metavuln:packument:socket.io-parser Completed in 3424ms
573 timing metavuln:load:security-advisory:socket.io-parser:1084824 Completed in 5ms
574 http fetch GET 200 https://registry.npmjs.org/readable-stream/-/readable-stream-3.6.0.tgz 4554ms (cache miss)
575 timing reifyNode:node_modules/readable-stream Completed in 5011ms
576 http fetch GET 200 https://registry.npmjs.org/commander/-/commander-9.3.0.tgz 4332ms (cache miss)
577 timing reifyNode:node_modules/commander Completed in 5068ms
578 http fetch GET 200 https://registry.npmjs.org/engine.io/-/engine.io-6.2.0.tgz 4367ms (cache miss)
579 http fetch GET 200 https://registry.npmjs.org/@fastify/error/-/error-2.0.0.tgz 4267ms (cache miss)
580 timing reifyNode:node_modules/@fastify/error Completed in 5073ms
581 timing reifyNode:node_modules/engine.io Completed in 5089ms
582 timing metavuln:cache:put:security-advisory:socket.io-parser:XPa1CAJIqs3goiY74L0nNUlBqvFwtezGDRiAxXZaBAMz5JbAa6519By+6kjK/XJEsGmgfvstRTqjIgnKu4kcOQ== Completed in 120ms
583 timing metavuln:calculate:security-advisory:socket.io-parser:1084824 Completed in 3550ms
584 timing metavuln:cache:get:security-advisory:socket.io:6GytQr09DDGLoN68eHTKEJoBepXWjBs7EldzmGHUPizGazupfA++YxiQi5br3FeJ1INoclljPS1ELO1Xn24YFw== Completed in 8ms
585 http fetch GET 200 https://registry.npmjs.org/semver/-/semver-7.3.7.tgz 4720ms (cache miss)
586 timing reifyNode:node_modules/semver Completed in 5141ms
587 http fetch GET 200 https://registry.npmjs.org/avvio/-/avvio-7.2.5.tgz 4411ms (cache miss)
588 timing reifyNode:node_modules/avvio Completed in 5199ms
589 http fetch GET 200 https://registry.npmjs.org/pino-colada/-/pino-colada-2.2.2.tgz 4784ms (cache miss)
590 timing reifyNode:node_modules/pino-colada Completed in 5292ms
591 http fetch GET 200 https://registry.npmjs.org/find-my-way/-/find-my-way-4.5.1.tgz 4666ms (cache miss)
592 http fetch GET 200 https://registry.npmjs.org/uri-js/-/uri-js-4.4.1.tgz 4949ms (cache miss)
593 timing reifyNode:node_modules/find-my-way Completed in 5304ms
594 timing reifyNode:node_modules/uri-js Completed in 5337ms
595 http fetch GET 200 https://registry.npmjs.org/fast-json-stringify/-/fast-json-stringify-2.7.13.tgz 4713ms (cache miss)
596 timing reifyNode:node_modules/fast-json-stringify Completed in 5408ms
597 http fetch GET 200 https://registry.npmjs.org/socket.io/-/socket.io-4.5.1.tgz 5080ms (cache miss)
598 timing reifyNode:node_modules/socket.io Completed in 5502ms
599 http fetch GET 200 https://registry.npmjs.org/socket.io 374ms (cache miss)
600 timing metavuln:packument:socket.io Completed in 378ms
601 timing metavuln:load:security-advisory:socket.io:XPa1CAJIqs3goiY74L0nNUlBqvFwtezGDRiAxXZaBAMz5JbAa6519By+6kjK/XJEsGmgfvstRTqjIgnKu4kcOQ== Completed in 31ms
602 http fetch GET 200 https://registry.npmjs.org/pino/-/pino-6.14.0.tgz 5052ms (cache miss)
603 timing reifyNode:node_modules/pino Completed in 5572ms
604 http fetch GET 200 https://registry.npmjs.org/generify/-/generify-4.2.0.tgz 4970ms (cache miss)
605 http fetch GET 200 https://registry.npmjs.org/mnemonist/-/mnemonist-0.39.2.tgz 5062ms (cache miss)
606 timing reifyNode:node_modules/generify Completed in 5608ms
607 http fetch GET 200 https://registry.npmjs.org/fastify-static/-/fastify-static-4.6.1.tgz 4964ms (cache miss)
608 timing reifyNode:node_modules/mnemonist Completed in 5622ms
609 timing metavuln:cache:put:security-advisory:socket.io:6GytQr09DDGLoN68eHTKEJoBepXWjBs7EldzmGHUPizGazupfA++YxiQi5br3FeJ1INoclljPS1ELO1Xn24YFw== Completed in 95ms
610 timing metavuln:calculate:security-advisory:socket.io:XPa1CAJIqs3goiY74L0nNUlBqvFwtezGDRiAxXZaBAMz5JbAa6519By+6kjK/XJEsGmgfvstRTqjIgnKu4kcOQ== Completed in 504ms
611 timing auditReport:init Completed in 4055ms
612 timing reify:audit Completed in 5668ms
613 timing reifyNode:node_modules/fastify-static-deprecated Completed in 5617ms
614 http fetch GET 200 https://registry.npmjs.org/@types/node/-/node-18.0.0.tgz 4966ms (cache miss)
615 timing reifyNode:node_modules/@types/node Completed in 5766ms
616 http fetch GET 200 https://registry.npmjs.org/ajv/-/ajv-6.12.6.tgz 4979ms (cache miss)
617 timing reifyNode:node_modules/ajv Completed in 5768ms
618 http fetch GET 200 https://registry.npmjs.org/fastify-cli/-/fastify-cli-3.1.0.tgz 5108ms (cache miss)
619 timing reifyNode:node_modules/fastify-cli Completed in 5779ms
620 http fetch GET 200 https://registry.npmjs.org/@hexlet/chat-server/-/chat-server-1.1.3.tgz 5069ms (cache miss)
621 timing reifyNode:node_modules/@hexlet/chat-server Completed in 5872ms
622 http fetch GET 200 https://registry.npmjs.org/fastify/-/fastify-3.29.0.tgz 5373ms (cache miss)
623 timing reifyNode:node_modules/fastify Completed in 6061ms
624 http fetch GET 200 https://registry.npmjs.org/ajv/-/ajv-8.11.0.tgz 5417ms (cache miss)
625 timing reifyNode:node_modules/light-my-request/node_modules/ajv Completed in 6266ms
626 http fetch GET 200 https://registry.npmjs.org/lodash/-/lodash-4.17.21.tgz 5858ms (cache miss)
627 timing reifyNode:node_modules/lodash Completed in 6437ms
628 timing reify:unpack Completed in 6456ms
629 timing reify:unretire Completed in 0ms
630 timing build:queue Completed in 15ms
631 timing build:link:node_modules/@hexlet/chat-server Completed in 10ms
632 timing build:link:node_modules/fastify-cli Completed in 9ms
633 timing build:link:node_modules/generify Completed in 9ms
634 timing build:link:node_modules/is-docker Completed in 8ms
635 timing build:link:node_modules/mime Completed in 8ms
636 timing build:link:node_modules/pino Completed in 8ms
637 timing build:link:node_modules/pino-colada Completed in 8ms
638 timing build:link:node_modules/semver Completed in 8ms
639 timing build:link Completed in 11ms
640 timing build:deps Completed in 27ms
641 timing build Completed in 27ms
642 timing reify:build Completed in 28ms
643 timing reify:trash Completed in 1ms
644 timing reify:save Completed in 84ms
645 timing reify Completed in 7059ms
646 silly ADD node_modules/yocto-queue
647 silly ADD node_modules/yargs-parser
648 silly ADD node_modules/yallist
649 silly ADD node_modules/xtend
650 silly ADD node_modules/ws
651 silly ADD node_modules/wrappy
652 silly ADD node_modules/walker
653 silly ADD node_modules/vary
654 silly ADD node_modules/util-deprecate
655 silly ADD node_modules/uri-js
656 silly ADD node_modules/toidentifier
657 silly ADD node_modules/to-regex-range
658 silly ADD node_modules/tmpl
659 silly ADD node_modules/tiny-lru
660 silly ADD node_modules/supports-color
661 silly ADD node_modules/string-similarity
662 silly ADD node_modules/string_decoder
663 silly ADD node_modules/steed
664 silly ADD node_modules/statuses
665 silly ADD node_modules/split2
666 silly ADD node_modules/sonic-boom
667 silly ADD node_modules/socket.io-parser
668 silly ADD node_modules/socket.io-adapter
669 silly ADD node_modules/socket.io
670 silly ADD node_modules/setprototypeof
671 silly ADD node_modules/set-cookie-parser
672 silly ADD node_modules/send
673 silly ADD node_modules/send/node_modules/statuses
674 silly ADD node_modules/send/node_modules/ms
675 silly ADD node_modules/send/node_modules/http-errors
676 silly ADD node_modules/send/node_modules/depd
677 silly ADD node_modules/send/node_modules/debug
678 silly ADD node_modules/send/node_modules/debug/node_modules/ms
679 silly ADD node_modules/semver-store
680 silly ADD node_modules/semver
681 silly ADD node_modules/secure-json-parse
682 silly ADD node_modules/safer-buffer
683 silly ADD node_modules/safe-regex2
684 silly ADD node_modules/safe-buffer
685 silly ADD node_modules/rfdc
686 silly ADD node_modules/reusify
687 silly ADD node_modules/ret
688 silly ADD node_modules/resolve-from
689 silly ADD node_modules/require-from-string
690 silly ADD node_modules/readdirp
691 silly ADD node_modules/readable-stream
692 silly ADD node_modules/range-parser
693 silly ADD node_modules/quick-format-unescaped
694 silly ADD node_modules/queue-microtask
695 silly ADD node_modules/punycode
696 silly ADD node_modules/pump
697 silly ADD node_modules/proxy-addr
698 silly ADD node_modules/process-warning
699 silly ADD node_modules/pretty-ms
700 silly ADD node_modules/prettier-bytes
701 silly ADD node_modules/pkg-up
702 silly ADD node_modules/pino-std-serializers
703 silly ADD node_modules/pino-colada
704 silly ADD node_modules/pino-colada/node_modules/split2
705 silly ADD node_modules/pino-colada/node_modules/chalk
706 silly ADD node_modules/pino
707 silly ADD node_modules/picomatch
708 silly ADD node_modules/path-is-absolute
709 silly ADD node_modules/path-exists
710 silly ADD node_modules/parse-ms
711 silly ADD node_modules/p-try
712 silly ADD node_modules/p-locate
713 silly ADD node_modules/p-limit
714 silly ADD node_modules/once
715 silly ADD node_modules/on-finished
716 silly ADD node_modules/obliterator
717 silly ADD node_modules/object-assign
718 silly ADD node_modules/normalize-path
719 silly ADD node_modules/negotiator
720 silly ADD node_modules/ms
721 silly ADD node_modules/mnemonist
722 silly ADD node_modules/minimist
723 silly ADD node_modules/minimatch
724 silly ADD node_modules/minimalistic-assert
725 silly ADD node_modules/mime-types
726 silly ADD node_modules/mime-db
727 silly ADD node_modules/mime
728 silly ADD node_modules/makeerror
729 silly ADD node_modules/make-promises-safe
730 silly ADD node_modules/lru-cache
731 silly ADD node_modules/lodash
732 silly ADD node_modules/locate-path
733 silly ADD node_modules/light-my-request
734 silly ADD node_modules/light-my-request/node_modules/json-schema-traverse
735 silly ADD node_modules/light-my-request/node_modules/ajv
736 silly ADD node_modules/leven
737 silly ADD node_modules/json-schema-traverse
738 silly ADD node_modules/isbinaryfile
739 silly ADD node_modules/is-number
740 silly ADD node_modules/is-glob
741 silly ADD node_modules/is-extglob
742 silly ADD node_modules/is-docker
743 silly ADD node_modules/is-binary-path
744 silly ADD node_modules/ipaddr.js
745 silly ADD node_modules/inherits
746 silly ADD node_modules/inflight
747 silly ADD node_modules/http-errors
748 silly ADD node_modules/help-me
749 silly ADD node_modules/has-flag
750 silly ADD node_modules/glob-parent
751 silly ADD node_modules/glob
752 silly ADD node_modules/generify
753 silly ADD node_modules/generify/node_modules/split2
754 silly ADD
755 silly ADD node_modules/fs.realpath
756 silly ADD node_modules/fresh
757 silly ADD node_modules/forwarded
758 silly ADD node_modules/flatstr
759 silly ADD node_modules/find-up
760 silly ADD node_modules/find-my-way
761 silly ADD node_modules/fill-range
762 silly ADD node_modules/fastseries
763 silly ADD node_modules/fastq
764 silly ADD node_modules/fastparallel
765 silly ADD node_modules/fastify-static-deprecated
766 silly ADD node_modules/fastify-static-deprecated/node_modules/p-limit
767 silly ADD node_modules/fastify-static
768 silly ADD node_modules/fastify-socket.io
769 silly ADD node_modules/fastify-plugin
770 silly ADD node_modules/fastify-jwt-deprecated
771 silly ADD node_modules/fastify-jwt
772 silly ADD node_modules/fastify-cli
773 silly ADD node_modules/fastify
774 silly ADD node_modules/fastfall
775 silly ADD node_modules/fast-safe-stringify
776 silly ADD node_modules/fast-redact
777 silly ADD node_modules/fast-jwt
778 silly ADD node_modules/fast-json-stringify
779 silly ADD node_modules/fast-json-stable-stringify
780 silly ADD node_modules/fast-json-parse
781 silly ADD node_modules/fast-deep-equal
782 silly ADD node_modules/fast-decode-uri-component
783 silly ADD node_modules/etag
784 silly ADD node_modules/escape-html
785 silly ADD node_modules/engine.io-parser
786 silly ADD node_modules/engine.io
787 silly ADD node_modules/engine.io/node_modules/cookie
788 silly ADD node_modules/end-of-stream
789 silly ADD node_modules/encoding-negotiator
790 silly ADD node_modules/encodeurl
791 silly ADD node_modules/ee-first
792 silly ADD node_modules/ecdsa-sig-formatter
793 silly ADD node_modules/dotenv
794 silly ADD node_modules/destroy
795 silly ADD node_modules/depd
796 silly ADD node_modules/deepmerge
797 silly ADD node_modules/debug
798 silly ADD node_modules/cors
799 silly ADD node_modules/cookie
800 silly ADD node_modules/content-disposition
801 silly ADD node_modules/concat-map
802 silly ADD node_modules/component-emitter
803 silly ADD node_modules/commist
804 silly ADD node_modules/commander
805 silly ADD node_modules/color-name
806 silly ADD node_modules/color-convert
807 silly ADD node_modules/close-with-grace
808 silly ADD node_modules/chokidar
809 silly ADD node_modules/chalk
810 silly ADD node_modules/braces
811 silly ADD node_modules/brace-expansion
812 silly ADD node_modules/bn.js
813 silly ADD node_modules/binary-extensions
814 silly ADD node_modules/base64id
815 silly ADD node_modules/balanced-match
816 silly ADD node_modules/avvio
817 silly ADD node_modules/atomic-sleep
818 silly ADD node_modules/asn1.js
819 silly ADD node_modules/archy
820 silly ADD node_modules/anymatch
821 silly ADD node_modules/ansi-styles
822 silly ADD node_modules/ajv
823 silly ADD node_modules/accepts
824 silly ADD node_modules/abstract-logging
825 silly ADD node_modules/@types/node
826 silly ADD node_modules/@types/cors
827 silly ADD node_modules/@types/cookie
828 silly ADD node_modules/@types/component-emitter
829 silly ADD node_modules/@lukeed/ms
830 silly ADD node_modules/@hexlet/chat-server
831 silly ADD node_modules/@fastify/error
832 silly ADD node_modules/@fastify/ajv-compiler
833 timing command:install Completed in 84304ms
834 verbose exit 0
835 timing npm Completed in 84710ms
836 info ok
