0 verbose cli /usr/local/bin/node /usr/local/lib/node_modules/npm/bin/npm-cli.js
1 info using npm@8.19.0
2 info using node@v17.4.0
3 timing npm:load:whichnode Completed in 0ms
4 timing config:load:defaults Completed in 2ms
5 timing config:load:file:/usr/local/lib/node_modules/npm/npmrc Completed in 11ms
6 timing config:load:builtin Completed in 12ms
7 timing config:load:cli Completed in 2ms
8 timing config:load:env Completed in 1ms
9 timing config:load:file:/home/tim/Документы/Union-chat/.npmrc Completed in 2ms
10 timing config:load:project Completed in 19ms
11 timing config:load:file:/home/tim/.npmrc Completed in 1ms
12 timing config:load:user Completed in 1ms
13 timing config:load:file:/usr/local/etc/npmrc Completed in 0ms
14 timing config:load:global Completed in 0ms
15 timing config:load:validate Completed in 1ms
16 timing config:load:credentials Completed in 1ms
17 timing config:load:setEnvs Completed in 2ms
18 timing config:load Completed in 43ms
19 timing npm:load:configload Completed in 43ms
20 timing npm:load:mkdirpcache Completed in 2ms
21 timing npm:load:mkdirplogs Completed in 1ms
22 verbose title npm exec start-server
23 verbose argv "exec" "--" "start-server"
24 timing npm:load:setTitle Completed in 1ms
25 timing config:load:flatten Completed in 4ms
26 timing npm:load:display Completed in 7ms
27 verbose logfile logs-max:10 dir:/home/tim/Документы/Union-chat/npm-cache/_logs
28 verbose logfile /home/tim/Документы/Union-chat/npm-cache/_logs/2022-10-31T11_46_35_190Z-debug-0.log
29 timing npm:load:logFile Completed in 7ms
30 timing npm:load:timers Completed in 0ms
31 timing npm:load:configScope Completed in 0ms
32 timing npm:load Completed in 62ms
33 silly logfile done cleaning log files
34 timing arborist:ctor Completed in 1ms
35 http fetch GET 200 https://registry.npmjs.org/start-server 1306ms (cache miss)
36 timing arborist:ctor Completed in 0ms
37 http fetch GET 200 https://registry.npmjs.org/npm 9012ms (cache miss)
38 timing arborist:ctor Completed in 1ms
